<?xml version="1.0" encoding="UTF-8"?>
<!-- Generated by org.testng.reporters.JUnitReportReporter -->
<testsuite hostname="himanshu-Inspiron-3542" failures="0" tests="6" name="hybridApp.KhanAcademy_APP" time="96.636" errors="0" timestamp="2024-10-06T16:06:32 IST" skipped="0">
  <testcase classname="hybridApp.KhanAcademy_APP" name="explore" time="18.507"/>
  <testcase classname="hybridApp.KhanAcademy_APP" name="bookmarks" time="32.131"/>
  <testcase classname="hybridApp.KhanAcademy_APP" name="computerScience" time="3.155"/>
  <testcase classname="hybridApp.KhanAcademy_APP" name="checkallBookmarks" time="9.647"/>
  <testcase classname="hybridApp.KhanAcademy_APP" name="clearallBookmarks" time="7.070"/>
  <testcase classname="hybridApp.KhanAcademy_APP" name="lifeSkills" time="26.126"/>
</testsuite> <!-- hybridApp.KhanAcademy_APP -->
