<?xml version="1.0" encoding="UTF-8"?>
<!-- Generated by org.testng.reporters.JUnitReportReporter -->
<testsuite hostname="himanshu-Inspiron-3542" failures="0" tests="8" name="api_testing.SwaggerPetstoreApi" time="18.417" errors="0" timestamp="2024-10-06T23:18:58 IST" skipped="0">
  <testcase classname="api_testing.SwaggerPetstoreApi" name="createlistofUsers" time="3.809"/>
  <system-out/>
  <testcase classname="api_testing.SwaggerPetstoreApi" name="getuserbyUserName" time="2.293"/>
  <system-out/>
  <testcase classname="api_testing.SwaggerPetstoreApi" name="updatedUser" time="2.614"/>
  <system-out/>
  <testcase classname="api_testing.SwaggerPetstoreApi" name="deleteUser" time="2.505"/>
  <system-out/>
  <testcase classname="api_testing.SwaggerPetstoreApi" name="logsuserIntoTheSystem" time="3.229"/>
  <system-out/>
  <testcase classname="api_testing.SwaggerPetstoreApi" name="logsoutCurrentLoggedInUserSession" time="1.265"/>
  <system-out/>
  <testcase classname="api_testing.SwaggerPetstoreApi" name="createsListOfUsersWithgivenInputArray" time="1.334"/>
  <system-out/>
  <testcase classname="api_testing.SwaggerPetstoreApi" name="createUser" time="1.368"/>
  <system-out/>
</testsuite> <!-- api_testing.SwaggerPetstoreApi -->
